  MOPED: 23.23.11.70:55489 COMMAND      database=admin command={:ismaster=>1} runtime: 838.8760ms
  MOPED: 23.23.11.70:55489 COMMAND      database=wdi_test command={:count=>"wdi_facts", :query=>{}} runtime: 206.1064ms
  MOPED: 23.23.11.70:55489 COMMAND      database=admin command={:ismaster=>1} runtime: 199.5382ms
  MOPED: 23.23.11.70:55489 COMMAND      database=wdi_test command={:count=>"wdi_facts", :query=>{"country_code"=>"USA"}} runtime: 25011.7483ms
  MOPED: 23.23.11.70:55489 QUERY        database=wdi_test collection=wdi_facts selector={"$query"=>{"country_code"=>"USA"}, "$orderby"=>{:_id=>1}} flags=[] limit=-1 skip=0 batch_size=nil fields=nil runtime: 229.5312ms
  MOPED: 23.23.11.70:55489 QUERY        database=wdi_test collection=wdi_facts selector={"$query"=>{"country_code"=>"USA"}, "$orderby"=>{:_id=>1}} flags=[] limit=-1 skip=0 batch_size=nil fields=nil runtime: 206.8138ms
  MOPED: 23.23.11.70:55489 QUERY        database=wdi_test collection=wdi_facts selector={"$query"=>{"country_code"=>"USA"}, "$orderby"=>{:_id=>1}} flags=[] limit=-1 skip=0 batch_size=nil fields=nil runtime: 208.9056ms
  MOPED: 23.23.11.70:55489 COMMAND      database=admin command={:ismaster=>1} runtime: 199.0835ms
  MOPED: 23.23.11.70:55489 QUERY        database=wdi_test collection=wdi_facts selector={"$query"=>{"country_code"=>"USA"}, "$orderby"=>{:_id=>1}} flags=[] limit=-1 skip=0 batch_size=nil fields=nil runtime: 207.9765ms
  MOPED: 23.23.11.70:55489 QUERY        database=wdi_test collection=wdi_facts selector={"$query"=>{"country_code"=>"USA"}, "$orderby"=>{:_id=>1}} flags=[] limit=-1 skip=0 batch_size=nil fields=nil runtime: 206.8527ms
  MOPED: 23.23.11.70:55489 QUERY        database=wdi_test collection=wdi_facts selector={"$query"=>{"country_code"=>"USA"}, "$orderby"=>{:_id=>1}} flags=[] limit=-1 skip=0 batch_size=nil fields=nil runtime: 216.0705ms
  MOPED: 23.23.11.70:55489 QUERY        database=wdi_test collection=wdi_facts selector={"$query"=>{"country_code"=>"USA"}, "$orderby"=>{:_id=>1}} flags=[] limit=-1 skip=0 batch_size=nil fields=nil runtime: 210.3079ms
  MOPED: 23.23.11.70:55489 COMMAND      database=admin command={:ismaster=>1} runtime: 204.1338ms
  MOPED: 23.23.11.70:55489 QUERY        database=wdi_test collection=wdi_facts selector={"$query"=>{"country_code"=>"JPN"}, "$orderby"=>{:_id=>1}} flags=[] limit=-1 skip=0 batch_size=nil fields=nil runtime: 209.4161ms
  MOPED: 23.23.11.70:55489 QUERY        database=wdi_test collection=wdi_facts selector={"$query"=>{"country_code"=>"FRA"}, "$orderby"=>{:_id=>1}} flags=[] limit=-1 skip=0 batch_size=nil fields=nil runtime: 208.5213ms
  MOPED: 23.23.11.70:55489 QUERY        database=wdi_test collection=wdi_facts selector={"$query"=>{"country_code"=>"FRA"}, "$orderby"=>{:_id=>1}} flags=[] limit=-1 skip=0 batch_size=nil fields=nil runtime: 208.0792ms
  MOPED: 23.23.11.70:55489 QUERY        database=wdi_test collection=wdi_facts selector={"$query"=>{"country_code"=>"DZA"}, "$orderby"=>{:_id=>1}} flags=[] limit=-1 skip=0 batch_size=nil fields=nil runtime: 205.7173ms
  MOPED: 23.23.11.70:55489 COMMAND      database=admin command={:ismaster=>1} runtime: 200.6633ms
  MOPED: 23.23.11.70:55489 QUERY        database=wdi_test collection=wdi_facts selector={"$query"=>{"country_code"=>"ZWE"}, "$orderby"=>{:_id=>1}} flags=[] limit=-1 skip=0 batch_size=nil fields=nil runtime: 216.4760ms
  MOPED: 23.23.11.70:55489 QUERY        database=wdi_test collection=wdi_facts selector={"$query"=>{"country_code"=>"ZWE"}, "$orderby"=>{:_id=>-1}} flags=[] limit=-1 skip=0 batch_size=nil fields=nil runtime: 210.4296ms
  MOPED: 23.23.11.70:55489 QUERY        database=wdi_test collection=wdi_facts selector={"$query"=>{"country_code"=>"ZWE"}, "$orderby"=>{:_id=>-1}} flags=[] limit=-1 skip=0 batch_size=nil fields=nil runtime: 204.9518ms
  MOPED: 23.23.11.70:55489 QUERY        database=wdi_test collection=wdi_facts selector={"$query"=>{"country_code"=>"ZWE"}, "$orderby"=>{:_id=>-1}} flags=[] limit=-1 skip=0 batch_size=nil fields=nil runtime: 206.5547ms
  MOPED: 23.23.11.70:55489 QUERY        database=wdi_test collection=wdi_facts selector={"$query"=>{"country_code"=>"ZWE"}, "$orderby"=>{:_id=>-1}} flags=[] limit=-1 skip=0 batch_size=nil fields=nil runtime: 207.5862ms
  MOPED: 23.23.11.70:55489 QUERY        database=wdi_test collection=wdi_facts selector={"$query"=>{"country_code"=>"ZWE"}, "$orderby"=>{:_id=>-1}} flags=[] limit=-1 skip=0 batch_size=nil fields=nil runtime: 209.0844ms


Started GET "/" for 127.0.0.1 at 2015-03-28 19:23:22 +0900
Processing by Rails::WelcomeController#index as HTML
  Rendered /home/broom/.rbenv/versions/2.2.1/lib/ruby/gems/2.2.0/gems/railties-4.2.0/lib/rails/templates/rails/welcome/index.html.erb (10.9ms)
Completed 200 OK in 99ms (Views: 98.0ms)


Started GET "/wdi_fact/" for 127.0.0.1 at 2015-03-28 19:23:58 +0900

ActionController::RoutingError (No route matches [GET] "/wdi_fact"):
  actionpack (4.2.0) lib/action_dispatch/middleware/debug_exceptions.rb:21:in `call'
  actionpack (4.2.0) lib/action_dispatch/middleware/show_exceptions.rb:30:in `call'
  railties (4.2.0) lib/rails/rack/logger.rb:38:in `call_app'
  railties (4.2.0) lib/rails/rack/logger.rb:20:in `block in call'
  activesupport (4.2.0) lib/active_support/tagged_logging.rb:68:in `block in tagged'
  activesupport (4.2.0) lib/active_support/tagged_logging.rb:26:in `tagged'
  activesupport (4.2.0) lib/active_support/tagged_logging.rb:68:in `tagged'
  railties (4.2.0) lib/rails/rack/logger.rb:20:in `call'
  actionpack (4.2.0) lib/action_dispatch/middleware/request_id.rb:21:in `call'
  rack (1.6.0) lib/rack/runtime.rb:18:in `call'
  activesupport (4.2.0) lib/active_support/cache/strategy/local_cache_middleware.rb:28:in `call'
  rack (1.6.0) lib/rack/lock.rb:17:in `call'
  actionpack (4.2.0) lib/action_dispatch/middleware/static.rb:113:in `call'
  railties (4.2.0) lib/rails/engine.rb:518:in `call'
  railties (4.2.0) lib/rails/application.rb:164:in `call'
  rack (1.6.0) lib/rack/lock.rb:17:in `call'
  rack (1.6.0) lib/rack/content_length.rb:15:in `call'
  rack (1.6.0) lib/rack/handler/webrick.rb:89:in `service'
  /home/broom/.rbenv/versions/2.2.1/lib/ruby/2.2.0/webrick/httpserver.rb:138:in `service'
  /home/broom/.rbenv/versions/2.2.1/lib/ruby/2.2.0/webrick/httpserver.rb:94:in `run'
  /home/broom/.rbenv/versions/2.2.1/lib/ruby/2.2.0/webrick/server.rb:294:in `block in start_thread'


  Rendered /home/broom/.rbenv/versions/2.2.1/lib/ruby/gems/2.2.0/gems/actionpack-4.2.0/lib/action_dispatch/middleware/templates/rescues/_trace.html.erb (10.6ms)
  Rendered /home/broom/.rbenv/versions/2.2.1/lib/ruby/gems/2.2.0/gems/actionpack-4.2.0/lib/action_dispatch/middleware/templates/routes/_table.html.erb (44.8ms)
  Rendered /home/broom/.rbenv/versions/2.2.1/lib/ruby/gems/2.2.0/gems/actionpack-4.2.0/lib/action_dispatch/middleware/templates/rescues/_request_and_response.html.erb (16.0ms)
  Rendered /home/broom/.rbenv/versions/2.2.1/lib/ruby/gems/2.2.0/gems/actionpack-4.2.0/lib/action_dispatch/middleware/templates/rescues/routing_error.html.erb within rescues/layout (199.1ms)


Started GET "/WdiFact/" for 127.0.0.1 at 2015-03-28 19:24:34 +0900

ActionController::RoutingError (No route matches [GET] "/WdiFact"):
  actionpack (4.2.0) lib/action_dispatch/middleware/debug_exceptions.rb:21:in `call'
  actionpack (4.2.0) lib/action_dispatch/middleware/show_exceptions.rb:30:in `call'
  railties (4.2.0) lib/rails/rack/logger.rb:38:in `call_app'
  railties (4.2.0) lib/rails/rack/logger.rb:20:in `block in call'
  activesupport (4.2.0) lib/active_support/tagged_logging.rb:68:in `block in tagged'
  activesupport (4.2.0) lib/active_support/tagged_logging.rb:26:in `tagged'
  activesupport (4.2.0) lib/active_support/tagged_logging.rb:68:in `tagged'
  railties (4.2.0) lib/rails/rack/logger.rb:20:in `call'
  actionpack (4.2.0) lib/action_dispatch/middleware/request_id.rb:21:in `call'
  rack (1.6.0) lib/rack/runtime.rb:18:in `call'
  activesupport (4.2.0) lib/active_support/cache/strategy/local_cache_middleware.rb:28:in `call'
  rack (1.6.0) lib/rack/lock.rb:17:in `call'
  actionpack (4.2.0) lib/action_dispatch/middleware/static.rb:113:in `call'
  railties (4.2.0) lib/rails/engine.rb:518:in `call'
  railties (4.2.0) lib/rails/application.rb:164:in `call'
  rack (1.6.0) lib/rack/lock.rb:17:in `call'
  rack (1.6.0) lib/rack/content_length.rb:15:in `call'
  rack (1.6.0) lib/rack/handler/webrick.rb:89:in `service'
  /home/broom/.rbenv/versions/2.2.1/lib/ruby/2.2.0/webrick/httpserver.rb:138:in `service'
  /home/broom/.rbenv/versions/2.2.1/lib/ruby/2.2.0/webrick/httpserver.rb:94:in `run'
  /home/broom/.rbenv/versions/2.2.1/lib/ruby/2.2.0/webrick/server.rb:294:in `block in start_thread'


  Rendered /home/broom/.rbenv/versions/2.2.1/lib/ruby/gems/2.2.0/gems/actionpack-4.2.0/lib/action_dispatch/middleware/templates/rescues/_trace.html.erb (12.7ms)
  Rendered /home/broom/.rbenv/versions/2.2.1/lib/ruby/gems/2.2.0/gems/actionpack-4.2.0/lib/action_dispatch/middleware/templates/routes/_table.html.erb (9.4ms)
  Rendered /home/broom/.rbenv/versions/2.2.1/lib/ruby/gems/2.2.0/gems/actionpack-4.2.0/lib/action_dispatch/middleware/templates/rescues/_request_and_response.html.erb (7.1ms)
  Rendered /home/broom/.rbenv/versions/2.2.1/lib/ruby/gems/2.2.0/gems/actionpack-4.2.0/lib/action_dispatch/middleware/templates/rescues/routing_error.html.erb within rescues/layout (115.9ms)


Started GET "/WdiFact/USA.json" for 127.0.0.1 at 2015-03-29 08:06:56 +0900

ActionController::RoutingError (No route matches [GET] "/WdiFact/USA.json"):
  actionpack (4.2.0) lib/action_dispatch/middleware/debug_exceptions.rb:21:in `call'
  actionpack (4.2.0) lib/action_dispatch/middleware/show_exceptions.rb:30:in `call'
  railties (4.2.0) lib/rails/rack/logger.rb:38:in `call_app'
  railties (4.2.0) lib/rails/rack/logger.rb:20:in `block in call'
  activesupport (4.2.0) lib/active_support/tagged_logging.rb:68:in `block in tagged'
  activesupport (4.2.0) lib/active_support/tagged_logging.rb:26:in `tagged'
  activesupport (4.2.0) lib/active_support/tagged_logging.rb:68:in `tagged'
  railties (4.2.0) lib/rails/rack/logger.rb:20:in `call'
  actionpack (4.2.0) lib/action_dispatch/middleware/request_id.rb:21:in `call'
  rack (1.6.0) lib/rack/runtime.rb:18:in `call'
  activesupport (4.2.0) lib/active_support/cache/strategy/local_cache_middleware.rb:28:in `call'
  rack (1.6.0) lib/rack/lock.rb:17:in `call'
  actionpack (4.2.0) lib/action_dispatch/middleware/static.rb:113:in `call'
  railties (4.2.0) lib/rails/engine.rb:518:in `call'
  railties (4.2.0) lib/rails/application.rb:164:in `call'
  rack (1.6.0) lib/rack/lock.rb:17:in `call'
  rack (1.6.0) lib/rack/content_length.rb:15:in `call'
  rack (1.6.0) lib/rack/handler/webrick.rb:89:in `service'
  /home/broom/.rbenv/versions/2.2.1/lib/ruby/2.2.0/webrick/httpserver.rb:138:in `service'
  /home/broom/.rbenv/versions/2.2.1/lib/ruby/2.2.0/webrick/httpserver.rb:94:in `run'
  /home/broom/.rbenv/versions/2.2.1/lib/ruby/2.2.0/webrick/server.rb:294:in `block in start_thread'


  Rendered /home/broom/.rbenv/versions/2.2.1/lib/ruby/gems/2.2.0/gems/actionpack-4.2.0/lib/action_dispatch/middleware/templates/rescues/_trace.html.erb (9.3ms)
  Rendered /home/broom/.rbenv/versions/2.2.1/lib/ruby/gems/2.2.0/gems/actionpack-4.2.0/lib/action_dispatch/middleware/templates/routes/_table.html.erb (6.7ms)
  Rendered /home/broom/.rbenv/versions/2.2.1/lib/ruby/gems/2.2.0/gems/actionpack-4.2.0/lib/action_dispatch/middleware/templates/rescues/_request_and_response.html.erb (6.1ms)
  Rendered /home/broom/.rbenv/versions/2.2.1/lib/ruby/gems/2.2.0/gems/actionpack-4.2.0/lib/action_dispatch/middleware/templates/rescues/routing_error.html.erb within rescues/layout (89.0ms)


Started GET "/wdi_facts/USA.json" for 127.0.0.1 at 2015-03-29 08:08:13 +0900

ActionController::RoutingError (No route matches [GET] "/wdi_facts/USA.json"):
  actionpack (4.2.0) lib/action_dispatch/middleware/debug_exceptions.rb:21:in `call'
  actionpack (4.2.0) lib/action_dispatch/middleware/show_exceptions.rb:30:in `call'
  railties (4.2.0) lib/rails/rack/logger.rb:38:in `call_app'
  railties (4.2.0) lib/rails/rack/logger.rb:20:in `block in call'
  activesupport (4.2.0) lib/active_support/tagged_logging.rb:68:in `block in tagged'
  activesupport (4.2.0) lib/active_support/tagged_logging.rb:26:in `tagged'
  activesupport (4.2.0) lib/active_support/tagged_logging.rb:68:in `tagged'
  railties (4.2.0) lib/rails/rack/logger.rb:20:in `call'
  actionpack (4.2.0) lib/action_dispatch/middleware/request_id.rb:21:in `call'
  rack (1.6.0) lib/rack/runtime.rb:18:in `call'
  activesupport (4.2.0) lib/active_support/cache/strategy/local_cache_middleware.rb:28:in `call'
  rack (1.6.0) lib/rack/lock.rb:17:in `call'
  actionpack (4.2.0) lib/action_dispatch/middleware/static.rb:113:in `call'
  railties (4.2.0) lib/rails/engine.rb:518:in `call'
  railties (4.2.0) lib/rails/application.rb:164:in `call'
  rack (1.6.0) lib/rack/lock.rb:17:in `call'
  rack (1.6.0) lib/rack/content_length.rb:15:in `call'
  rack (1.6.0) lib/rack/handler/webrick.rb:89:in `service'
  /home/broom/.rbenv/versions/2.2.1/lib/ruby/2.2.0/webrick/httpserver.rb:138:in `service'
  /home/broom/.rbenv/versions/2.2.1/lib/ruby/2.2.0/webrick/httpserver.rb:94:in `run'
  /home/broom/.rbenv/versions/2.2.1/lib/ruby/2.2.0/webrick/server.rb:294:in `block in start_thread'


  Rendered /home/broom/.rbenv/versions/2.2.1/lib/ruby/gems/2.2.0/gems/actionpack-4.2.0/lib/action_dispatch/middleware/templates/rescues/_trace.html.erb (6.7ms)
  Rendered /home/broom/.rbenv/versions/2.2.1/lib/ruby/gems/2.2.0/gems/actionpack-4.2.0/lib/action_dispatch/middleware/templates/routes/_table.html.erb (8.1ms)
  Rendered /home/broom/.rbenv/versions/2.2.1/lib/ruby/gems/2.2.0/gems/actionpack-4.2.0/lib/action_dispatch/middleware/templates/rescues/_request_and_response.html.erb (3.8ms)
  Rendered /home/broom/.rbenv/versions/2.2.1/lib/ruby/gems/2.2.0/gems/actionpack-4.2.0/lib/action_dispatch/middleware/templates/rescues/routing_error.html.erb within rescues/layout (79.8ms)


Started GET "/wdi_facts/USA.json" for 127.0.0.1 at 2015-03-29 08:08:37 +0900

ActionController::RoutingError (No route matches [GET] "/wdi_facts/USA.json"):
  actionpack (4.2.0) lib/action_dispatch/middleware/debug_exceptions.rb:21:in `call'
  actionpack (4.2.0) lib/action_dispatch/middleware/show_exceptions.rb:30:in `call'
  railties (4.2.0) lib/rails/rack/logger.rb:38:in `call_app'
  railties (4.2.0) lib/rails/rack/logger.rb:20:in `block in call'
  activesupport (4.2.0) lib/active_support/tagged_logging.rb:68:in `block in tagged'
  activesupport (4.2.0) lib/active_support/tagged_logging.rb:26:in `tagged'
  activesupport (4.2.0) lib/active_support/tagged_logging.rb:68:in `tagged'
  railties (4.2.0) lib/rails/rack/logger.rb:20:in `call'
  actionpack (4.2.0) lib/action_dispatch/middleware/request_id.rb:21:in `call'
  rack (1.6.0) lib/rack/runtime.rb:18:in `call'
  activesupport (4.2.0) lib/active_support/cache/strategy/local_cache_middleware.rb:28:in `call'
  rack (1.6.0) lib/rack/lock.rb:17:in `call'
  actionpack (4.2.0) lib/action_dispatch/middleware/static.rb:113:in `call'
  railties (4.2.0) lib/rails/engine.rb:518:in `call'
  railties (4.2.0) lib/rails/application.rb:164:in `call'
  rack (1.6.0) lib/rack/lock.rb:17:in `call'
  rack (1.6.0) lib/rack/content_length.rb:15:in `call'
  rack (1.6.0) lib/rack/handler/webrick.rb:89:in `service'
  /home/broom/.rbenv/versions/2.2.1/lib/ruby/2.2.0/webrick/httpserver.rb:138:in `service'
  /home/broom/.rbenv/versions/2.2.1/lib/ruby/2.2.0/webrick/httpserver.rb:94:in `run'
  /home/broom/.rbenv/versions/2.2.1/lib/ruby/2.2.0/webrick/server.rb:294:in `block in start_thread'


  Rendered /home/broom/.rbenv/versions/2.2.1/lib/ruby/gems/2.2.0/gems/actionpack-4.2.0/lib/action_dispatch/middleware/templates/rescues/_trace.html.erb (6.8ms)
  Rendered /home/broom/.rbenv/versions/2.2.1/lib/ruby/gems/2.2.0/gems/actionpack-4.2.0/lib/action_dispatch/middleware/templates/routes/_table.html.erb (8.2ms)
  Rendered /home/broom/.rbenv/versions/2.2.1/lib/ruby/gems/2.2.0/gems/actionpack-4.2.0/lib/action_dispatch/middleware/templates/rescues/_request_and_response.html.erb (6.3ms)
  Rendered /home/broom/.rbenv/versions/2.2.1/lib/ruby/gems/2.2.0/gems/actionpack-4.2.0/lib/action_dispatch/middleware/templates/rescues/routing_error.html.erb within rescues/layout (88.9ms)


Started GET "/wdi_facts/" for 127.0.0.1 at 2015-03-29 08:08:49 +0900

ActionController::RoutingError (No route matches [GET] "/wdi_facts"):
  actionpack (4.2.0) lib/action_dispatch/middleware/debug_exceptions.rb:21:in `call'
  actionpack (4.2.0) lib/action_dispatch/middleware/show_exceptions.rb:30:in `call'
  railties (4.2.0) lib/rails/rack/logger.rb:38:in `call_app'
  railties (4.2.0) lib/rails/rack/logger.rb:20:in `block in call'
  activesupport (4.2.0) lib/active_support/tagged_logging.rb:68:in `block in tagged'
  activesupport (4.2.0) lib/active_support/tagged_logging.rb:26:in `tagged'
  activesupport (4.2.0) lib/active_support/tagged_logging.rb:68:in `tagged'
  railties (4.2.0) lib/rails/rack/logger.rb:20:in `call'
  actionpack (4.2.0) lib/action_dispatch/middleware/request_id.rb:21:in `call'
  rack (1.6.0) lib/rack/runtime.rb:18:in `call'
  activesupport (4.2.0) lib/active_support/cache/strategy/local_cache_middleware.rb:28:in `call'
  rack (1.6.0) lib/rack/lock.rb:17:in `call'
  actionpack (4.2.0) lib/action_dispatch/middleware/static.rb:113:in `call'
  railties (4.2.0) lib/rails/engine.rb:518:in `call'
  railties (4.2.0) lib/rails/application.rb:164:in `call'
  rack (1.6.0) lib/rack/lock.rb:17:in `call'
  rack (1.6.0) lib/rack/content_length.rb:15:in `call'
  rack (1.6.0) lib/rack/handler/webrick.rb:89:in `service'
  /home/broom/.rbenv/versions/2.2.1/lib/ruby/2.2.0/webrick/httpserver.rb:138:in `service'
  /home/broom/.rbenv/versions/2.2.1/lib/ruby/2.2.0/webrick/httpserver.rb:94:in `run'
  /home/broom/.rbenv/versions/2.2.1/lib/ruby/2.2.0/webrick/server.rb:294:in `block in start_thread'


  Rendered /home/broom/.rbenv/versions/2.2.1/lib/ruby/gems/2.2.0/gems/actionpack-4.2.0/lib/action_dispatch/middleware/templates/rescues/_trace.html.erb (10.5ms)
  Rendered /home/broom/.rbenv/versions/2.2.1/lib/ruby/gems/2.2.0/gems/actionpack-4.2.0/lib/action_dispatch/middleware/templates/routes/_table.html.erb (7.1ms)
  Rendered /home/broom/.rbenv/versions/2.2.1/lib/ruby/gems/2.2.0/gems/actionpack-4.2.0/lib/action_dispatch/middleware/templates/rescues/_request_and_response.html.erb (6.2ms)
  Rendered /home/broom/.rbenv/versions/2.2.1/lib/ruby/gems/2.2.0/gems/actionpack-4.2.0/lib/action_dispatch/middleware/templates/rescues/routing_error.html.erb within rescues/layout (103.3ms)


Started GET "/wdi_facts/" for 127.0.0.1 at 2015-03-29 09:32:36 +0900

ActionController::RoutingError (uninitialized constant WdiFactsController):
  activesupport (4.2.0) lib/active_support/inflector/methods.rb:261:in `const_get'
  activesupport (4.2.0) lib/active_support/inflector/methods.rb:261:in `block in constantize'
  activesupport (4.2.0) lib/active_support/inflector/methods.rb:259:in `each'
  activesupport (4.2.0) lib/active_support/inflector/methods.rb:259:in `inject'
  activesupport (4.2.0) lib/active_support/inflector/methods.rb:259:in `constantize'
  actionpack (4.2.0) lib/action_dispatch/routing/route_set.rb:69:in `controller_reference'
  actionpack (4.2.0) lib/action_dispatch/routing/route_set.rb:59:in `controller'
  actionpack (4.2.0) lib/action_dispatch/routing/route_set.rb:38:in `serve'
  actionpack (4.2.0) lib/action_dispatch/journey/router.rb:43:in `block in serve'
  actionpack (4.2.0) lib/action_dispatch/journey/router.rb:30:in `each'
  actionpack (4.2.0) lib/action_dispatch/journey/router.rb:30:in `serve'
  actionpack (4.2.0) lib/action_dispatch/routing/route_set.rb:802:in `call'
  rack (1.6.0) lib/rack/etag.rb:24:in `call'
  rack (1.6.0) lib/rack/conditionalget.rb:25:in `call'
  rack (1.6.0) lib/rack/head.rb:13:in `call'
  actionpack (4.2.0) lib/action_dispatch/middleware/params_parser.rb:27:in `call'
  actionpack (4.2.0) lib/action_dispatch/middleware/callbacks.rb:29:in `block in call'
  activesupport (4.2.0) lib/active_support/callbacks.rb:88:in `call'
  activesupport (4.2.0) lib/active_support/callbacks.rb:88:in `_run_callbacks'
  activesupport (4.2.0) lib/active_support/callbacks.rb:734:in `_run_call_callbacks'
  activesupport (4.2.0) lib/active_support/callbacks.rb:81:in `run_callbacks'
  actionpack (4.2.0) lib/action_dispatch/middleware/callbacks.rb:27:in `call'
  actionpack (4.2.0) lib/action_dispatch/middleware/reloader.rb:73:in `call'
  actionpack (4.2.0) lib/action_dispatch/middleware/remote_ip.rb:78:in `call'
  actionpack (4.2.0) lib/action_dispatch/middleware/debug_exceptions.rb:17:in `call'
  actionpack (4.2.0) lib/action_dispatch/middleware/show_exceptions.rb:30:in `call'
  railties (4.2.0) lib/rails/rack/logger.rb:38:in `call_app'
  railties (4.2.0) lib/rails/rack/logger.rb:20:in `block in call'
  activesupport (4.2.0) lib/active_support/tagged_logging.rb:68:in `block in tagged'
  activesupport (4.2.0) lib/active_support/tagged_logging.rb:26:in `tagged'
  activesupport (4.2.0) lib/active_support/tagged_logging.rb:68:in `tagged'
  railties (4.2.0) lib/rails/rack/logger.rb:20:in `call'
  actionpack (4.2.0) lib/action_dispatch/middleware/request_id.rb:21:in `call'
  rack (1.6.0) lib/rack/runtime.rb:18:in `call'
  activesupport (4.2.0) lib/active_support/cache/strategy/local_cache_middleware.rb:28:in `call'
  rack (1.6.0) lib/rack/lock.rb:17:in `call'
  actionpack (4.2.0) lib/action_dispatch/middleware/static.rb:113:in `call'
  railties (4.2.0) lib/rails/engine.rb:518:in `call'
  railties (4.2.0) lib/rails/application.rb:164:in `call'
  rack (1.6.0) lib/rack/lock.rb:17:in `call'
  rack (1.6.0) lib/rack/content_length.rb:15:in `call'
  rack (1.6.0) lib/rack/handler/webrick.rb:89:in `service'
  /home/broom/.rbenv/versions/2.2.1/lib/ruby/2.2.0/webrick/httpserver.rb:138:in `service'
  /home/broom/.rbenv/versions/2.2.1/lib/ruby/2.2.0/webrick/httpserver.rb:94:in `run'
  /home/broom/.rbenv/versions/2.2.1/lib/ruby/2.2.0/webrick/server.rb:294:in `block in start_thread'


  Rendered /home/broom/.rbenv/versions/2.2.1/lib/ruby/gems/2.2.0/gems/actionpack-4.2.0/lib/action_dispatch/middleware/templates/rescues/_trace.html.erb (13.3ms)
  Rendered /home/broom/.rbenv/versions/2.2.1/lib/ruby/gems/2.2.0/gems/actionpack-4.2.0/lib/action_dispatch/middleware/templates/routes/_route.html.erb (7.6ms)
  Rendered /home/broom/.rbenv/versions/2.2.1/lib/ruby/gems/2.2.0/gems/actionpack-4.2.0/lib/action_dispatch/middleware/templates/routes/_table.html.erb (6.1ms)
  Rendered /home/broom/.rbenv/versions/2.2.1/lib/ruby/gems/2.2.0/gems/actionpack-4.2.0/lib/action_dispatch/middleware/templates/rescues/_request_and_response.html.erb (6.1ms)
  Rendered /home/broom/.rbenv/versions/2.2.1/lib/ruby/gems/2.2.0/gems/actionpack-4.2.0/lib/action_dispatch/middleware/templates/rescues/routing_error.html.erb within rescues/layout (137.2ms)


Started GET "/wdi_facts/USA.json" for 127.0.0.1 at 2015-03-29 09:32:54 +0900

ActionController::RoutingError (uninitialized constant WdiFactsController):
  activesupport (4.2.0) lib/active_support/inflector/methods.rb:261:in `const_get'
  activesupport (4.2.0) lib/active_support/inflector/methods.rb:261:in `block in constantize'
  activesupport (4.2.0) lib/active_support/inflector/methods.rb:259:in `each'
  activesupport (4.2.0) lib/active_support/inflector/methods.rb:259:in `inject'
  activesupport (4.2.0) lib/active_support/inflector/methods.rb:259:in `constantize'
  actionpack (4.2.0) lib/action_dispatch/routing/route_set.rb:69:in `controller_reference'
  actionpack (4.2.0) lib/action_dispatch/routing/route_set.rb:59:in `controller'
  actionpack (4.2.0) lib/action_dispatch/routing/route_set.rb:38:in `serve'
  actionpack (4.2.0) lib/action_dispatch/journey/router.rb:43:in `block in serve'
  actionpack (4.2.0) lib/action_dispatch/journey/router.rb:30:in `each'
  actionpack (4.2.0) lib/action_dispatch/journey/router.rb:30:in `serve'
  actionpack (4.2.0) lib/action_dispatch/routing/route_set.rb:802:in `call'
  rack (1.6.0) lib/rack/etag.rb:24:in `call'
  rack (1.6.0) lib/rack/conditionalget.rb:25:in `call'
  rack (1.6.0) lib/rack/head.rb:13:in `call'
  actionpack (4.2.0) lib/action_dispatch/middleware/params_parser.rb:27:in `call'
  actionpack (4.2.0) lib/action_dispatch/middleware/callbacks.rb:29:in `block in call'
  activesupport (4.2.0) lib/active_support/callbacks.rb:88:in `call'
  activesupport (4.2.0) lib/active_support/callbacks.rb:88:in `_run_callbacks'
  activesupport (4.2.0) lib/active_support/callbacks.rb:734:in `_run_call_callbacks'
  activesupport (4.2.0) lib/active_support/callbacks.rb:81:in `run_callbacks'
  actionpack (4.2.0) lib/action_dispatch/middleware/callbacks.rb:27:in `call'
  actionpack (4.2.0) lib/action_dispatch/middleware/reloader.rb:73:in `call'
  actionpack (4.2.0) lib/action_dispatch/middleware/remote_ip.rb:78:in `call'
  actionpack (4.2.0) lib/action_dispatch/middleware/debug_exceptions.rb:17:in `call'
  actionpack (4.2.0) lib/action_dispatch/middleware/show_exceptions.rb:30:in `call'
  railties (4.2.0) lib/rails/rack/logger.rb:38:in `call_app'
  railties (4.2.0) lib/rails/rack/logger.rb:20:in `block in call'
  activesupport (4.2.0) lib/active_support/tagged_logging.rb:68:in `block in tagged'
  activesupport (4.2.0) lib/active_support/tagged_logging.rb:26:in `tagged'
  activesupport (4.2.0) lib/active_support/tagged_logging.rb:68:in `tagged'
  railties (4.2.0) lib/rails/rack/logger.rb:20:in `call'
  actionpack (4.2.0) lib/action_dispatch/middleware/request_id.rb:21:in `call'
  rack (1.6.0) lib/rack/runtime.rb:18:in `call'
  activesupport (4.2.0) lib/active_support/cache/strategy/local_cache_middleware.rb:28:in `call'
  rack (1.6.0) lib/rack/lock.rb:17:in `call'
  actionpack (4.2.0) lib/action_dispatch/middleware/static.rb:113:in `call'
  railties (4.2.0) lib/rails/engine.rb:518:in `call'
  railties (4.2.0) lib/rails/application.rb:164:in `call'
  rack (1.6.0) lib/rack/lock.rb:17:in `call'
  rack (1.6.0) lib/rack/content_length.rb:15:in `call'
  rack (1.6.0) lib/rack/handler/webrick.rb:89:in `service'
  /home/broom/.rbenv/versions/2.2.1/lib/ruby/2.2.0/webrick/httpserver.rb:138:in `service'
  /home/broom/.rbenv/versions/2.2.1/lib/ruby/2.2.0/webrick/httpserver.rb:94:in `run'
  /home/broom/.rbenv/versions/2.2.1/lib/ruby/2.2.0/webrick/server.rb:294:in `block in start_thread'


  Rendered /home/broom/.rbenv/versions/2.2.1/lib/ruby/gems/2.2.0/gems/actionpack-4.2.0/lib/action_dispatch/middleware/templates/rescues/_trace.html.erb (12.2ms)
  Rendered /home/broom/.rbenv/versions/2.2.1/lib/ruby/gems/2.2.0/gems/actionpack-4.2.0/lib/action_dispatch/middleware/templates/routes/_route.html.erb (7.5ms)
  Rendered /home/broom/.rbenv/versions/2.2.1/lib/ruby/gems/2.2.0/gems/actionpack-4.2.0/lib/action_dispatch/middleware/templates/routes/_table.html.erb (6.5ms)
  Rendered /home/broom/.rbenv/versions/2.2.1/lib/ruby/gems/2.2.0/gems/actionpack-4.2.0/lib/action_dispatch/middleware/templates/rescues/_request_and_response.html.erb (6.2ms)
  Rendered /home/broom/.rbenv/versions/2.2.1/lib/ruby/gems/2.2.0/gems/actionpack-4.2.0/lib/action_dispatch/middleware/templates/rescues/routing_error.html.erb within rescues/layout (138.0ms)


Started GET "/wdi_facts/USA.json" for 127.0.0.1 at 2015-03-29 09:34:11 +0900

ArgumentError ('' is not a supported controller name. This can lead to potential routing problems. See http://guides.rubyonrails.org/routing.html#specifying-a-controller-to-use):
  config/routes.rb:9:in `block in <top (required)>'
  config/routes.rb:1:in `<top (required)>'


  Rendered /home/broom/.rbenv/versions/2.2.1/lib/ruby/gems/2.2.0/gems/actionpack-4.2.0/lib/action_dispatch/middleware/templates/rescues/_source.erb (36.9ms)
  Rendered /home/broom/.rbenv/versions/2.2.1/lib/ruby/gems/2.2.0/gems/actionpack-4.2.0/lib/action_dispatch/middleware/templates/rescues/_trace.html.erb (18.4ms)
  Rendered /home/broom/.rbenv/versions/2.2.1/lib/ruby/gems/2.2.0/gems/actionpack-4.2.0/lib/action_dispatch/middleware/templates/rescues/_request_and_response.html.erb (5.8ms)
  Rendered /home/broom/.rbenv/versions/2.2.1/lib/ruby/gems/2.2.0/gems/actionpack-4.2.0/lib/action_dispatch/middleware/templates/rescues/diagnostics.html.erb within rescues/layout (131.7ms)


Started GET "/wdi_fact/USA.json" for 127.0.0.1 at 2015-03-29 09:36:40 +0900

ArgumentError ('' is not a supported controller name. This can lead to potential routing problems. See http://guides.rubyonrails.org/routing.html#specifying-a-controller-to-use):
  config/routes.rb:9:in `block in <top (required)>'
  config/routes.rb:1:in `<top (required)>'


  Rendered /home/broom/.rbenv/versions/2.2.1/lib/ruby/gems/2.2.0/gems/actionpack-4.2.0/lib/action_dispatch/middleware/templates/rescues/_source.erb (45.5ms)
  Rendered /home/broom/.rbenv/versions/2.2.1/lib/ruby/gems/2.2.0/gems/actionpack-4.2.0/lib/action_dispatch/middleware/templates/rescues/_trace.html.erb (17.7ms)
  Rendered /home/broom/.rbenv/versions/2.2.1/lib/ruby/gems/2.2.0/gems/actionpack-4.2.0/lib/action_dispatch/middleware/templates/rescues/_request_and_response.html.erb (3.7ms)
  Rendered /home/broom/.rbenv/versions/2.2.1/lib/ruby/gems/2.2.0/gems/actionpack-4.2.0/lib/action_dispatch/middleware/templates/rescues/diagnostics.html.erb within rescues/layout (143.4ms)


Started GET "/wdi_facts/USA.json" for 127.0.0.1 at 2015-03-29 09:47:42 +0900

ArgumentError ('' is not a supported controller name. This can lead to potential routing problems. See http://guides.rubyonrails.org/routing.html#specifying-a-controller-to-use):
  config/routes.rb:9:in `block in <top (required)>'
  config/routes.rb:1:in `<top (required)>'


  Rendered /home/broom/.rbenv/versions/2.2.1/lib/ruby/gems/2.2.0/gems/actionpack-4.2.0/lib/action_dispatch/middleware/templates/rescues/_source.erb (30.0ms)
  Rendered /home/broom/.rbenv/versions/2.2.1/lib/ruby/gems/2.2.0/gems/actionpack-4.2.0/lib/action_dispatch/middleware/templates/rescues/_trace.html.erb (15.6ms)
  Rendered /home/broom/.rbenv/versions/2.2.1/lib/ruby/gems/2.2.0/gems/actionpack-4.2.0/lib/action_dispatch/middleware/templates/rescues/_request_and_response.html.erb (6.6ms)
  Rendered /home/broom/.rbenv/versions/2.2.1/lib/ruby/gems/2.2.0/gems/actionpack-4.2.0/lib/action_dispatch/middleware/templates/rescues/diagnostics.html.erb within rescues/layout (117.7ms)


Started GET "/wdi_facts/USA.json" for 127.0.0.1 at 2015-03-29 09:48:56 +0900
Processing by WdiFactsController#show as JSON
  Parameters: {"country_code"=>"USA"}
  MOPED: 23.23.11.70:55489 COMMAND      database=admin command={:ismaster=>1} runtime: 721.9083ms
  MOPED: 23.23.11.70:55489 QUERY        database=wdi_test collection=wdi_facts selector={"_id"=>"USA"} flags=[] limit=0 skip=0 batch_size=nil fields=nil runtime: 191.6931ms
Completed 404 Not Found in 3199ms

Mongoid::Errors::DocumentNotFound (
Problem:
  Document(s) not found for class WdiFact with id(s) USA.
Summary:
  When calling WdiFact.find with an id or array of ids, each parameter must match a document in the database or this error will be raised. The search was for the id(s): USA ... (1 total) and the following ids were not found: USA.
Resolution:
  Search for an id that is in the database or set the Mongoid.raise_not_found_error configuration option to false, which will cause a nil to be returned instead of raising this error when searching for a single id, or only the matched documents when searching for multiples.):
  app/controllers/wdi_facts_controller.rb:3:in `show'


  Rendered /home/broom/.rbenv/versions/2.2.1/lib/ruby/gems/2.2.0/gems/actionpack-4.2.0/lib/action_dispatch/middleware/templates/rescues/_source.erb (40.3ms)
  Rendered /home/broom/.rbenv/versions/2.2.1/lib/ruby/gems/2.2.0/gems/actionpack-4.2.0/lib/action_dispatch/middleware/templates/rescues/_trace.html.erb (15.4ms)
  Rendered /home/broom/.rbenv/versions/2.2.1/lib/ruby/gems/2.2.0/gems/actionpack-4.2.0/lib/action_dispatch/middleware/templates/rescues/_request_and_response.html.erb (3.9ms)
  Rendered /home/broom/.rbenv/versions/2.2.1/lib/ruby/gems/2.2.0/gems/actionpack-4.2.0/lib/action_dispatch/middleware/templates/rescues/diagnostics.html.erb within rescues/layout (136.6ms)


Started GET "/wdi_facts/USA.json" for 127.0.0.1 at 2015-03-29 09:55:42 +0900
Processing by WdiFactsController#show as JSON
  Parameters: {"id"=>"USA"}
Completed 500 Internal Server Error in 51ms

Mongoid::Errors::InvalidFind (
Problem:
  Calling Document.find with nil is invalid.
Summary:
  Document.find expects the parameters to be 1 or more ids, and will return a single document if 1 id is provided, otherwise an array of documents if multiple ids are provided.
Resolution:
  Most likely this is caused by passing parameters directly through to the find, and the parameter either is not present or the key from which it is accessed is incorrect.):
  app/controllers/wdi_facts_controller.rb:3:in `show'


  Rendered /home/broom/.rbenv/versions/2.2.1/lib/ruby/gems/2.2.0/gems/actionpack-4.2.0/lib/action_dispatch/middleware/templates/rescues/_source.erb (34.6ms)
  Rendered /home/broom/.rbenv/versions/2.2.1/lib/ruby/gems/2.2.0/gems/actionpack-4.2.0/lib/action_dispatch/middleware/templates/rescues/_trace.html.erb (14.5ms)
  Rendered /home/broom/.rbenv/versions/2.2.1/lib/ruby/gems/2.2.0/gems/actionpack-4.2.0/lib/action_dispatch/middleware/templates/rescues/_request_and_response.html.erb (4.1ms)
  Rendered /home/broom/.rbenv/versions/2.2.1/lib/ruby/gems/2.2.0/gems/actionpack-4.2.0/lib/action_dispatch/middleware/templates/rescues/diagnostics.html.erb within rescues/layout (113.5ms)


Started GET "/wdi_facts/country_code=USA.json" for 127.0.0.1 at 2015-03-29 09:57:01 +0900
Processing by WdiFactsController#show as JSON
  Parameters: {"id"=>"country_code=USA"}
Completed 500 Internal Server Error in 7ms

Mongoid::Errors::InvalidFind (
Problem:
  Calling Document.find with nil is invalid.
Summary:
  Document.find expects the parameters to be 1 or more ids, and will return a single document if 1 id is provided, otherwise an array of documents if multiple ids are provided.
Resolution:
  Most likely this is caused by passing parameters directly through to the find, and the parameter either is not present or the key from which it is accessed is incorrect.):
  app/controllers/wdi_facts_controller.rb:3:in `show'


  Rendered /home/broom/.rbenv/versions/2.2.1/lib/ruby/gems/2.2.0/gems/actionpack-4.2.0/lib/action_dispatch/middleware/templates/rescues/_source.erb (24.2ms)
  Rendered /home/broom/.rbenv/versions/2.2.1/lib/ruby/gems/2.2.0/gems/actionpack-4.2.0/lib/action_dispatch/middleware/templates/rescues/_trace.html.erb (13.5ms)
  Rendered /home/broom/.rbenv/versions/2.2.1/lib/ruby/gems/2.2.0/gems/actionpack-4.2.0/lib/action_dispatch/middleware/templates/rescues/_request_and_response.html.erb (6.4ms)
  Rendered /home/broom/.rbenv/versions/2.2.1/lib/ruby/gems/2.2.0/gems/actionpack-4.2.0/lib/action_dispatch/middleware/templates/rescues/diagnostics.html.erb within rescues/layout (116.9ms)


Started GET "/wdi_facts/show?country_code=USA.json" for 127.0.0.1 at 2015-03-29 09:57:37 +0900
Processing by WdiFactsController#show as HTML
  Parameters: {"country_code"=>"USA.json", "id"=>"show"}
  MOPED: 23.23.11.70:55489 COMMAND      database=admin command={:ismaster=>1} runtime: 197.0976ms
  MOPED: 23.23.11.70:55489 QUERY        database=wdi_test collection=wdi_facts selector={"_id"=>"USA.json"} flags=[] limit=0 skip=0 batch_size=nil fields=nil runtime: 198.7501ms
Completed 404 Not Found in 474ms

Mongoid::Errors::DocumentNotFound (
Problem:
  Document(s) not found for class WdiFact with id(s) USA.json.
Summary:
  When calling WdiFact.find with an id or array of ids, each parameter must match a document in the database or this error will be raised. The search was for the id(s): USA.json ... (1 total) and the following ids were not found: USA.json.
Resolution:
  Search for an id that is in the database or set the Mongoid.raise_not_found_error configuration option to false, which will cause a nil to be returned instead of raising this error when searching for a single id, or only the matched documents when searching for multiples.):
  app/controllers/wdi_facts_controller.rb:3:in `show'


  Rendered /home/broom/.rbenv/versions/2.2.1/lib/ruby/gems/2.2.0/gems/actionpack-4.2.0/lib/action_dispatch/middleware/templates/rescues/_source.erb (34.4ms)
  Rendered /home/broom/.rbenv/versions/2.2.1/lib/ruby/gems/2.2.0/gems/actionpack-4.2.0/lib/action_dispatch/middleware/templates/rescues/_trace.html.erb (14.9ms)
  Rendered /home/broom/.rbenv/versions/2.2.1/lib/ruby/gems/2.2.0/gems/actionpack-4.2.0/lib/action_dispatch/middleware/templates/rescues/_request_and_response.html.erb (4.2ms)
  Rendered /home/broom/.rbenv/versions/2.2.1/lib/ruby/gems/2.2.0/gems/actionpack-4.2.0/lib/action_dispatch/middleware/templates/rescues/diagnostics.html.erb within rescues/layout (110.3ms)


Started GET "/wdi_facts/show?country_code=USA" for 127.0.0.1 at 2015-03-29 09:57:54 +0900
Processing by WdiFactsController#show as HTML
  Parameters: {"country_code"=>"USA", "id"=>"show"}
  MOPED: 23.23.11.70:55489 QUERY        database=wdi_test collection=wdi_facts selector={"_id"=>"USA"} flags=[] limit=0 skip=0 batch_size=nil fields=nil runtime: 197.3924ms
Completed 404 Not Found in 204ms

Mongoid::Errors::DocumentNotFound (
Problem:
  Document(s) not found for class WdiFact with id(s) USA.
Summary:
  When calling WdiFact.find with an id or array of ids, each parameter must match a document in the database or this error will be raised. The search was for the id(s): USA ... (1 total) and the following ids were not found: USA.
Resolution:
  Search for an id that is in the database or set the Mongoid.raise_not_found_error configuration option to false, which will cause a nil to be returned instead of raising this error when searching for a single id, or only the matched documents when searching for multiples.):
  app/controllers/wdi_facts_controller.rb:3:in `show'


  Rendered /home/broom/.rbenv/versions/2.2.1/lib/ruby/gems/2.2.0/gems/actionpack-4.2.0/lib/action_dispatch/middleware/templates/rescues/_source.erb (34.8ms)
  Rendered /home/broom/.rbenv/versions/2.2.1/lib/ruby/gems/2.2.0/gems/actionpack-4.2.0/lib/action_dispatch/middleware/templates/rescues/_trace.html.erb (17.2ms)
  Rendered /home/broom/.rbenv/versions/2.2.1/lib/ruby/gems/2.2.0/gems/actionpack-4.2.0/lib/action_dispatch/middleware/templates/rescues/_request_and_response.html.erb (4.7ms)
  Rendered /home/broom/.rbenv/versions/2.2.1/lib/ruby/gems/2.2.0/gems/actionpack-4.2.0/lib/action_dispatch/middleware/templates/rescues/diagnostics.html.erb within rescues/layout (114.1ms)


Started GET "/wdi_facts/show?country_code=%27USA%27" for 127.0.0.1 at 2015-03-29 09:58:14 +0900
Processing by WdiFactsController#show as HTML
  Parameters: {"country_code"=>"'USA'", "id"=>"show"}
  MOPED: 23.23.11.70:55489 QUERY        database=wdi_test collection=wdi_facts selector={"_id"=>"'USA'"} flags=[] limit=0 skip=0 batch_size=nil fields=nil runtime: 187.1486ms
Completed 404 Not Found in 197ms

Mongoid::Errors::DocumentNotFound (
Problem:
  Document(s) not found for class WdiFact with id(s) 'USA'.
Summary:
  When calling WdiFact.find with an id or array of ids, each parameter must match a document in the database or this error will be raised. The search was for the id(s): 'USA' ... (1 total) and the following ids were not found: 'USA'.
Resolution:
  Search for an id that is in the database or set the Mongoid.raise_not_found_error configuration option to false, which will cause a nil to be returned instead of raising this error when searching for a single id, or only the matched documents when searching for multiples.):
  app/controllers/wdi_facts_controller.rb:3:in `show'


  Rendered /home/broom/.rbenv/versions/2.2.1/lib/ruby/gems/2.2.0/gems/actionpack-4.2.0/lib/action_dispatch/middleware/templates/rescues/_source.erb (26.3ms)
  Rendered /home/broom/.rbenv/versions/2.2.1/lib/ruby/gems/2.2.0/gems/actionpack-4.2.0/lib/action_dispatch/middleware/templates/rescues/_trace.html.erb (13.9ms)
  Rendered /home/broom/.rbenv/versions/2.2.1/lib/ruby/gems/2.2.0/gems/actionpack-4.2.0/lib/action_dispatch/middleware/templates/rescues/_request_and_response.html.erb (6.1ms)
  Rendered /home/broom/.rbenv/versions/2.2.1/lib/ruby/gems/2.2.0/gems/actionpack-4.2.0/lib/action_dispatch/middleware/templates/rescues/diagnostics.html.erb within rescues/layout (111.9ms)


Started GET "/wdi_facts/show?country_code=%27USA%27" for 127.0.0.1 at 2015-03-29 10:15:18 +0900
Processing by WdiFactsController#show as HTML
  Parameters: {"country_code"=>"show"}
  MOPED: 23.23.11.70:55489 COMMAND      database=admin command={:ismaster=>1} runtime: 186.8042ms
  MOPED: 23.23.11.70:55489 QUERY        database=wdi_test collection=wdi_facts selector={"_id"=>"show"} flags=[] limit=0 skip=0 batch_size=nil fields=nil runtime: 185.8275ms
Completed 404 Not Found in 527ms

Mongoid::Errors::DocumentNotFound (
Problem:
  Document(s) not found for class WdiFact with id(s) show.
Summary:
  When calling WdiFact.find with an id or array of ids, each parameter must match a document in the database or this error will be raised. The search was for the id(s): show ... (1 total) and the following ids were not found: show.
Resolution:
  Search for an id that is in the database or set the Mongoid.raise_not_found_error configuration option to false, which will cause a nil to be returned instead of raising this error when searching for a single id, or only the matched documents when searching for multiples.):
  app/controllers/wdi_facts_controller.rb:3:in `show'


  Rendered /home/broom/.rbenv/versions/2.2.1/lib/ruby/gems/2.2.0/gems/actionpack-4.2.0/lib/action_dispatch/middleware/templates/rescues/_source.erb (29.9ms)
  Rendered /home/broom/.rbenv/versions/2.2.1/lib/ruby/gems/2.2.0/gems/actionpack-4.2.0/lib/action_dispatch/middleware/templates/rescues/_trace.html.erb (11.8ms)
  Rendered /home/broom/.rbenv/versions/2.2.1/lib/ruby/gems/2.2.0/gems/actionpack-4.2.0/lib/action_dispatch/middleware/templates/rescues/_request_and_response.html.erb (6.6ms)
  Rendered /home/broom/.rbenv/versions/2.2.1/lib/ruby/gems/2.2.0/gems/actionpack-4.2.0/lib/action_dispatch/middleware/templates/rescues/diagnostics.html.erb within rescues/layout (119.7ms)


Started GET "/wdi_facts/USA" for 127.0.0.1 at 2015-03-29 10:15:52 +0900
Processing by WdiFactsController#show as HTML
  Parameters: {"country_code"=>"USA"}
  MOPED: 23.23.11.70:55489 COMMAND      database=admin command={:ismaster=>1} runtime: 190.3903ms
  MOPED: 23.23.11.70:55489 QUERY        database=wdi_test collection=wdi_facts selector={"_id"=>"USA"} flags=[] limit=0 skip=0 batch_size=nil fields=nil runtime: 185.8502ms
Completed 404 Not Found in 437ms

Mongoid::Errors::DocumentNotFound (
Problem:
  Document(s) not found for class WdiFact with id(s) USA.
Summary:
  When calling WdiFact.find with an id or array of ids, each parameter must match a document in the database or this error will be raised. The search was for the id(s): USA ... (1 total) and the following ids were not found: USA.
Resolution:
  Search for an id that is in the database or set the Mongoid.raise_not_found_error configuration option to false, which will cause a nil to be returned instead of raising this error when searching for a single id, or only the matched documents when searching for multiples.):
  app/controllers/wdi_facts_controller.rb:3:in `show'


  Rendered /home/broom/.rbenv/versions/2.2.1/lib/ruby/gems/2.2.0/gems/actionpack-4.2.0/lib/action_dispatch/middleware/templates/rescues/_source.erb (39.3ms)
  Rendered /home/broom/.rbenv/versions/2.2.1/lib/ruby/gems/2.2.0/gems/actionpack-4.2.0/lib/action_dispatch/middleware/templates/rescues/_trace.html.erb (17.4ms)
  Rendered /home/broom/.rbenv/versions/2.2.1/lib/ruby/gems/2.2.0/gems/actionpack-4.2.0/lib/action_dispatch/middleware/templates/rescues/_request_and_response.html.erb (5.9ms)
  Rendered /home/broom/.rbenv/versions/2.2.1/lib/ruby/gems/2.2.0/gems/actionpack-4.2.0/lib/action_dispatch/middleware/templates/rescues/diagnostics.html.erb within rescues/layout (142.7ms)


Started GET "/wdi_facts/USA" for 127.0.0.1 at 2015-03-29 11:07:38 +0900
Processing by WdiFactsController#show as HTML
  Parameters: {"country_code"=>"USA"}
  MOPED: 23.23.11.70:55489 COMMAND      database=admin command={:ismaster=>1} runtime: 188.1795ms
  MOPED: 23.23.11.70:55489 QUERY        database=wdi_test collection=wdi_facts selector={"_id"=>"USA"} flags=[] limit=0 skip=0 batch_size=nil fields=nil runtime: 187.5771ms
Completed 404 Not Found in 449ms

Mongoid::Errors::DocumentNotFound (
Problem:
  Document(s) not found for class WdiFact with id(s) USA.
Summary:
  When calling WdiFact.find with an id or array of ids, each parameter must match a document in the database or this error will be raised. The search was for the id(s): USA ... (1 total) and the following ids were not found: USA.
Resolution:
  Search for an id that is in the database or set the Mongoid.raise_not_found_error configuration option to false, which will cause a nil to be returned instead of raising this error when searching for a single id, or only the matched documents when searching for multiples.):
  app/controllers/wdi_facts_controller.rb:3:in `show'


  Rendered /home/broom/.rbenv/versions/2.2.1/lib/ruby/gems/2.2.0/gems/actionpack-4.2.0/lib/action_dispatch/middleware/templates/rescues/_source.erb (30.9ms)
  Rendered /home/broom/.rbenv/versions/2.2.1/lib/ruby/gems/2.2.0/gems/actionpack-4.2.0/lib/action_dispatch/middleware/templates/rescues/_trace.html.erb (13.7ms)
  Rendered /home/broom/.rbenv/versions/2.2.1/lib/ruby/gems/2.2.0/gems/actionpack-4.2.0/lib/action_dispatch/middleware/templates/rescues/_request_and_response.html.erb (6.7ms)
  Rendered /home/broom/.rbenv/versions/2.2.1/lib/ruby/gems/2.2.0/gems/actionpack-4.2.0/lib/action_dispatch/middleware/templates/rescues/diagnostics.html.erb within rescues/layout (121.8ms)
  MOPED: 23.23.11.70:55489 COMMAND      database=admin command={:ismaster=>1} runtime: 746.6321ms
  MOPED: 23.23.11.70:55489 COMMAND      database=wdi_test command={:count=>"wdi_facts", :query=>{"country_code"=>"USA"}} runtime: 26226.8640ms
  MOPED: 23.23.11.70:55489 QUERY        database=wdi_test collection=wdi_facts selector={"_id"=>{:country_code=>"USA"}} flags=[] limit=0 skip=0 batch_size=nil fields=nil runtime: 184.5359ms


Started GET "/wdi_facts/USA" for 127.0.0.1 at 2015-03-29 11:44:38 +0900
Processing by WdiFactsController#show as HTML
  Parameters: {"country_code"=>"USA"}
Completed 500 Internal Server Error in 116ms

NoMethodError (undefined method `respond_to' for #<WdiFactsController:0xba232ebc>):
  app/controllers/wdi_facts_controller.rb:4:in `show'


  Rendered /home/broom/.rbenv/versions/2.2.1/lib/ruby/gems/2.2.0/gems/actionpack-4.2.0/lib/action_dispatch/middleware/templates/rescues/_source.erb (34.7ms)
  Rendered /home/broom/.rbenv/versions/2.2.1/lib/ruby/gems/2.2.0/gems/actionpack-4.2.0/lib/action_dispatch/middleware/templates/rescues/_trace.html.erb (25.7ms)
  Rendered /home/broom/.rbenv/versions/2.2.1/lib/ruby/gems/2.2.0/gems/actionpack-4.2.0/lib/action_dispatch/middleware/templates/rescues/_request_and_response.html.erb (11.9ms)
  Rendered /home/broom/.rbenv/versions/2.2.1/lib/ruby/gems/2.2.0/gems/actionpack-4.2.0/lib/action_dispatch/middleware/templates/rescues/diagnostics.html.erb within rescues/layout (166.8ms)


Started GET "/wdi_facts/USA" for 127.0.0.1 at 2015-03-29 11:48:18 +0900
Processing by WdiFactsController#show as HTML
  Parameters: {"country_code"=>"USA"}
  MOPED: 23.23.11.70:55489 COMMAND      database=admin command={:ismaster=>1} runtime: 767.8463ms
  MOPED: 23.23.11.70:55489 QUERY        database=wdi_test collection=wdi_facts selector={"country_code"=>"USA"} flags=[] limit=0 skip=0 batch_size=nil fields=nil runtime: 1606.4255ms
Completed 500 Internal Server Error in 2501ms

LoadError (Unable to autoload constant WdiFactSerializer, expected /home/broom/Documents/DevDataCloudsMVP1/dataclouds_api_test2/app/serializers/wdi_fact_serializer.rb to define it):
  app/controllers/wdi_facts_controller.rb:4:in `show'


  Rendered /home/broom/.rbenv/versions/2.2.1/lib/ruby/gems/2.2.0/gems/actionpack-4.2.0/lib/action_dispatch/middleware/templates/rescues/_source.erb (52.4ms)
  Rendered /home/broom/.rbenv/versions/2.2.1/lib/ruby/gems/2.2.0/gems/actionpack-4.2.0/lib/action_dispatch/middleware/templates/rescues/_trace.html.erb (31.1ms)
  Rendered /home/broom/.rbenv/versions/2.2.1/lib/ruby/gems/2.2.0/gems/actionpack-4.2.0/lib/action_dispatch/middleware/templates/rescues/_request_and_response.html.erb (9.9ms)
  Rendered /home/broom/.rbenv/versions/2.2.1/lib/ruby/gems/2.2.0/gems/actionpack-4.2.0/lib/action_dispatch/middleware/templates/rescues/diagnostics.html.erb within rescues/layout (172.1ms)


Started GET "/wdi_facts/USA" for 127.0.0.1 at 2015-03-29 11:52:30 +0900
Processing by WdiFactsController#show as HTML
  Parameters: {"country_code"=>"USA"}
  MOPED: 23.23.11.70:55489 COMMAND      database=admin command={:ismaster=>1} runtime: 190.4984ms
  MOPED: 23.23.11.70:55489 QUERY        database=wdi_test collection=wdi_facts selector={"country_code"=>"USA"} flags=[] limit=0 skip=0 batch_size=nil fields=nil runtime: 1488.4675ms
  MOPED: 23.23.11.70:55489 GET_MORE     database=wdi_test collection=wdi_facts limit=0 cursor_id=4958444686902195765 runtime: 7814.5257ms
  MOPED: 23.23.11.70:55489 QUERY        database=wdi_test collection=wdi_facts selector={"country_code"=>"USA"} flags=[] limit=0 skip=0 batch_size=nil fields=nil runtime: 1622.9887ms
  MOPED: 23.23.11.70:55489 GET_MORE     database=wdi_test collection=wdi_facts limit=0 cursor_id=4958399803112209828 runtime: 6771.3907ms
Completed 200 OK in 24158ms (Views: 24086.7ms)


Started GET "/wdi_facts/JPN" for 127.0.0.1 at 2015-03-29 11:54:01 +0900
Processing by WdiFactsController#show as HTML
  Parameters: {"country_code"=>"JPN"}
  MOPED: 23.23.11.70:55489 COMMAND      database=admin command={:ismaster=>1} runtime: 190.3565ms
  MOPED: 23.23.11.70:55489 QUERY        database=wdi_test collection=wdi_facts selector={"country_code"=>"JPN"} flags=[] limit=0 skip=0 batch_size=nil fields=nil runtime: 1753.2636ms
  MOPED: 23.23.11.70:55489 GET_MORE     database=wdi_test collection=wdi_facts limit=0 cursor_id=4958059718773745956 runtime: 10661.9644ms
  MOPED: 23.23.11.70:55489 QUERY        database=wdi_test collection=wdi_facts selector={"country_code"=>"JPN"} flags=[] limit=0 skip=0 batch_size=nil fields=nil runtime: 1053.7740ms
  MOPED: 23.23.11.70:55489 GET_MORE     database=wdi_test collection=wdi_facts limit=0 cursor_id=4958001651499004707 runtime: 6607.4562ms
Completed 200 OK in 26248ms (Views: 26245.0ms)


Started GET "/wdi_facts/FRA" for 127.0.0.1 at 2015-03-29 11:58:34 +0900
Processing by WdiFactsController#show as HTML
  Parameters: {"country_code"=>"FRA"}
  MOPED: 23.23.11.70:55489 COMMAND      database=admin command={:ismaster=>1} runtime: 191.8154ms
  MOPED: 23.23.11.70:55489 QUERY        database=wdi_test collection=wdi_facts selector={"country_code"=>"FRA"} flags=[] limit=0 skip=0 batch_size=nil fields=nil runtime: 1526.5070ms
  MOPED: 23.23.11.70:55489 GET_MORE     database=wdi_test collection=wdi_facts limit=0 cursor_id=4956895427037710168 runtime: 6319.7510ms
Completed 200 OK in 13716ms (Views: 13646.1ms)


Started GET "/wdi_facts/DZA" for 127.0.0.1 at 2015-03-29 12:20:47 +0900
Processing by WdiFactsController#show as HTML
  Parameters: {"country_code"=>"DZA"}
Completed 500 Internal Server Error in 139ms

Mongoid::Errors::InvalidIndex (
Problem:
  Invalid index specification on WdiFact: {:country_code=>1, :series_code=>1}, {:unique=>true, :name=>"c_s_code_index", :backgroud=>true}
Summary:
  Indexes in Mongoid are defined as a hash of field name and direction/2d pairs, with a hash for any additional options.
Resolution:
  Ensure that the index conforms to the correct syntax and has the correct options.

 Valid options are:
 background: true|false
 database: 'database_name'
 drop_dups: true|false
 name: 'index_name'
 sparse: true|false
 unique: true|false
 min: 1
 max: 1
 bits: 26
 bucket_size : 1
 weights: { content: 1, title: 2 }
 expire_after_seconds: number_of_seconds
 Valid types are: 1, -1, '2d', '2dsphere', 'geoHaystack', 'text', 'hashed'

 Example:
 class Band
 include Mongoid::Document
 index({ name: 1, label: -1 }, { sparse: true })
 index({ location: '2d' }, { background: true })
 end

):
  app/models/wdi_fact.rb:12:in `<class:WdiFact>'
  app/models/wdi_fact.rb:1:in `<top (required)>'
  app/controllers/wdi_facts_controller.rb:3:in `show'


  Rendered /home/broom/.rbenv/versions/2.2.1/lib/ruby/gems/2.2.0/gems/actionpack-4.2.0/lib/action_dispatch/middleware/templates/rescues/_source.erb (53.9ms)
  Rendered /home/broom/.rbenv/versions/2.2.1/lib/ruby/gems/2.2.0/gems/actionpack-4.2.0/lib/action_dispatch/middleware/templates/rescues/_trace.html.erb (26.0ms)
  Rendered /home/broom/.rbenv/versions/2.2.1/lib/ruby/gems/2.2.0/gems/actionpack-4.2.0/lib/action_dispatch/middleware/templates/rescues/_request_and_response.html.erb (6.8ms)
  Rendered /home/broom/.rbenv/versions/2.2.1/lib/ruby/gems/2.2.0/gems/actionpack-4.2.0/lib/action_dispatch/middleware/templates/rescues/diagnostics.html.erb within rescues/layout (175.4ms)


Started GET "/wdi_facts/DZA" for 127.0.0.1 at 2015-03-29 12:38:51 +0900
Processing by WdiFactsController#show as HTML
  Parameters: {"country_code"=>"DZA"}
  MOPED: 23.23.11.70:55489 COMMAND      database=admin command={:ismaster=>1} runtime: 191.2568ms
  MOPED: 23.23.11.70:55489 QUERY        database=wdi_test collection=wdi_facts selector={"country_code"=>"DZA"} flags=[] limit=0 skip=0 batch_size=nil fields=nil runtime: 1502.9738ms
  MOPED: 23.23.11.70:55489 GET_MORE     database=wdi_test collection=wdi_facts limit=0 cursor_id=4946605462114913892 runtime: 6320.1123ms
Completed 200 OK in 14298ms (Views: 14233.7ms)


Started GET "/wdi_facts/IDN" for 127.0.0.1 at 2015-03-29 12:39:36 +0900
Processing by WdiFactsController#show as HTML
  Parameters: {"country_code"=>"IDN"}
  MOPED: 23.23.11.70:55489 COMMAND      database=admin command={:ismaster=>1} runtime: 189.9945ms
  MOPED: 23.23.11.70:55489 QUERY        database=wdi_test collection=wdi_facts selector={"country_code"=>"IDN"} flags=[] limit=0 skip=0 batch_size=nil fields=nil runtime: 1825.9387ms
  MOPED: 23.23.11.70:55489 GET_MORE     database=wdi_test collection=wdi_facts limit=0 cursor_id=4946416699370241573 runtime: 6393.7373ms
Completed 200 OK in 14417ms (Views: 14416.0ms)


Started GET "/wdi_facts/NLD" for 127.0.0.1 at 2015-03-29 13:26:27 +0900
Processing by WdiFactsController#show as HTML
  Parameters: {"country_code"=>"NLD"}
  MOPED: 23.23.11.70:55489 COMMAND      database=admin command={:ismaster=>1} runtime: 198.8377ms
  MOPED: 23.23.11.70:55489 QUERY        database=wdi_test collection=wdi_facts selector={"country_code"=>"NLD"} flags=[] limit=0 skip=0 batch_size=nil fields=nil runtime: 1370.1517ms
  MOPED: 23.23.11.70:55489 GET_MORE     database=wdi_test collection=wdi_facts limit=0 cursor_id=4934449939776468139 runtime: 5954.7134ms
Completed 200 OK in 8684ms (Views: 8605.3ms)


Started GET "/wdi_facts/ZWE" for 127.0.0.1 at 2015-03-29 14:40:13 +0900
Processing by WdiFactsController#show as HTML
  Parameters: {"country_code"=>"ZWE"}
  MOPED: 23.23.11.70:55489 COMMAND      database=admin command={:ismaster=>1} runtime: 196.2067ms
  MOPED: 23.23.11.70:55489 QUERY        database=wdi_test collection=wdi_facts selector={"country_code"=>"ZWE"} flags=[] limit=0 skip=0 batch_size=nil fields=nil runtime: 1591.6300ms
  MOPED: 23.23.11.70:55489 GET_MORE     database=wdi_test collection=wdi_facts limit=0 cursor_id=4915614748600003683 runtime: 7950.7510ms
Completed 200 OK in 10748ms (Views: 10747.1ms)


Started GET "/wdi_facts/ZWE" for 127.0.0.1 at 2015-04-01 06:27:11 +0900
Processing by WdiFactsController#show as HTML
  Parameters: {"country_code"=>"ZWE"}
  MOPED: 23.23.11.70:55489 COMMAND      database=admin command={:ismaster=>1} runtime: 770.7383ms
  MOPED: 23.23.11.70:55489 QUERY        database=wdi_test collection=wdi_facts selector={"country_code"=>"ZWE"} flags=[] limit=0 skip=0 batch_size=nil fields=nil runtime: 3410.8221ms
  MOPED: 23.23.11.70:55489 GET_MORE     database=wdi_test collection=wdi_facts limit=0 cursor_id=3937790865186934478 runtime: 29129.0547ms
Completed 200 OK in 34567ms (Views: 34468.7ms)


Started GET "/wdi_facts/AUS" for 127.0.0.1 at 2015-04-01 06:28:23 +0900
Processing by WdiFactsController#show as HTML
  Parameters: {"country_code"=>"AUS"}
  MOPED: 23.23.11.70:55489 COMMAND      database=admin command={:ismaster=>1} runtime: 193.6548ms
  MOPED: 23.23.11.70:55489 QUERY        database=wdi_test collection=wdi_facts selector={"country_code"=>"AUS"} flags=[] limit=0 skip=0 batch_size=nil fields=nil runtime: 1757.2044ms
  MOPED: 23.23.11.70:55489 GET_MORE     database=wdi_test collection=wdi_facts limit=0 cursor_id=3937500168539284554 runtime: 5749.8548ms
Completed 200 OK in 8649ms (Views: 8648.3ms)


Started GET "/wdi_facts/EGY" for 127.0.0.1 at 2015-04-01 07:23:02 +0900
Processing by WdiFactsController#show as HTML
  Parameters: {"country_code"=>"EGY"}
  MOPED: 23.23.11.70:55489 COMMAND      database=admin command={:ismaster=>1} runtime: 179.1911ms
  MOPED: 23.23.11.70:55489 QUERY        database=wdi_test collection=wdi_facts selector={"country_code"=>"EGY"} flags=[] limit=0 skip=0 batch_size=nil fields=nil runtime: 1388.6106ms
  MOPED: 23.23.11.70:55489 GET_MORE     database=wdi_test collection=wdi_facts limit=0 cursor_id=3923525774706752056 runtime: 5997.2359ms
Completed 200 OK in 8573ms (Views: 8572.4ms)


Started GET "/wdi_facts/DZA" for 127.0.0.1 at 2015-04-02 07:49:18 +0900
Processing by WdiFactsController#show as HTML
  Parameters: {"country_code"=>"DZA"}
  MOPED: 23.23.11.70:55489 COMMAND      database=admin command={:ismaster=>1} runtime: 747.4538ms
  MOPED: 23.23.11.70:55489 QUERY        database=wdi_test collection=wdi_facts selector={"country_code"=>"DZA"} flags=[] limit=0 skip=0 batch_size=nil fields=nil runtime: 4239.0538ms
  MOPED: 23.23.11.70:55489 GET_MORE     database=wdi_test collection=wdi_facts limit=0 cursor_id=3548964783763138490 runtime: 33942.6994ms
Completed 200 OK in 40053ms (Views: 39965.1ms)


Started GET "/wdi_facts/WLD" for 127.0.0.1 at 2015-04-02 20:19:55 +0900
Processing by WdiFactsController#show as HTML
  Parameters: {"country_code"=>"WLD"}


Started GET "/wdi_facts/WLD" for 127.0.0.1 at 2015-04-02 20:37:09 +0900
Processing by WdiFactsController#show as HTML
  Parameters: {"country_code"=>"WLD"}
  MOPED: 23.23.11.70:55489 COMMAND      database=admin command={:ismaster=>1} runtime: 1899.8384ms
  MOPED: 23.23.11.70:55489 QUERY        database=wdi_test collection=wdi_facts selector={"country_code"=>"WLD"} flags=[] limit=0 skip=0 batch_size=nil fields=nil runtime: 4724.8437ms
  MOPED: 23.23.11.70:55489 GET_MORE     database=wdi_test collection=wdi_facts limit=0 cursor_id=3352708168858861408 runtime: 116059.6750ms
Completed 200 OK in 123879ms (Views: 123804.7ms)


Started GET "/wdi_facts/NOR" for 127.0.0.1 at 2015-04-02 20:41:34 +0900
Processing by WdiFactsController#show as HTML
  Parameters: {"country_code"=>"NOR"}
  MOPED: 23.23.11.70:55489 COMMAND      database=admin command={:ismaster=>1} runtime: 800.8858ms
  MOPED: 23.23.11.70:55489 QUERY        database=wdi_test collection=wdi_facts selector={"country_code"=>"NOR"} flags=[] limit=0 skip=0 batch_size=nil fields=nil runtime: 9148.7383ms
  MOPED: 23.23.11.70:55489 GET_MORE     database=wdi_test collection=wdi_facts limit=0 cursor_id=3351593108986201425 runtime: 101326.4851ms
Completed 200 OK in 112403ms (Views: 112402.0ms)


Started GET "/wdi_facts/USA" for 127.0.0.1 at 2015-04-02 20:49:37 +0900
Processing by WdiFactsController#show as HTML
  Parameters: {"country_code"=>"USA"}
  MOPED: 23.23.11.70:55489 COMMAND      database=admin command={:ismaster=>1} runtime: 1342.4748ms
  MOPED: 23.23.11.70:55489 QUERY        database=wdi_test collection=wdi_facts selector={"country_code"=>"USA"} flags=[] limit=0 skip=0 batch_size=nil fields=nil runtime: 16690.0278ms
  MOPED: 23.23.11.70:55489 GET_MORE     database=wdi_test collection=wdi_facts limit=0 cursor_id=3349533121142098828 runtime: 109314.5452ms
Completed 200 OK in 128404ms (Views: 128403.0ms)


Started GET "/wdi_facts/SGP" for 127.0.0.1 at 2015-04-02 20:56:42 +0900
Processing by WdiFactsController#show as HTML
  Parameters: {"country_code"=>"SGP"}
  MOPED: Could not resolve IP for: ds055489-a0.mongolab.com:55489 runtime: n/a
  MOPED: Retrying connection attempt 1 more time(s). runtime: n/a
  MOPED: 23.23.11.70:55489 COMMAND      database=admin command={:ismaster=>1} runtime: 225.8079ms
  MOPED: 23.23.11.70:55489 COMMAND      database=admin command={:ismaster=>1} runtime: 238.3571ms
Completed 500 Internal Server Error in 5907ms

Moped::Errors::ConnectionFailure (Could not connect to a primary node for replica set #<Moped::Cluster:-630635898 @seeds=[<Moped::Node resolved_address="23.23.11.70:55489">]>):
  app/controllers/wdi_facts_controller.rb:4:in `show'


  Rendered /home/broom/.rbenv/versions/2.2.1/lib/ruby/gems/2.2.0/gems/actionpack-4.2.0/lib/action_dispatch/middleware/templates/rescues/_source.erb (47.0ms)
  Rendered /home/broom/.rbenv/versions/2.2.1/lib/ruby/gems/2.2.0/gems/actionpack-4.2.0/lib/action_dispatch/middleware/templates/rescues/_trace.html.erb (27.0ms)
  Rendered /home/broom/.rbenv/versions/2.2.1/lib/ruby/gems/2.2.0/gems/actionpack-4.2.0/lib/action_dispatch/middleware/templates/rescues/_request_and_response.html.erb (6.2ms)
  Rendered /home/broom/.rbenv/versions/2.2.1/lib/ruby/gems/2.2.0/gems/actionpack-4.2.0/lib/action_dispatch/middleware/templates/rescues/diagnostics.html.erb within rescues/layout (175.4ms)


Started GET "/wdi_facts/SGP" for 127.0.0.1 at 2015-04-02 21:00:33 +0900
Processing by WdiFactsController#show as HTML
  Parameters: {"country_code"=>"SGP"}
  MOPED: 23.23.11.70:55489 COMMAND      database=admin command={:ismaster=>1} runtime: 681.7384ms
  MOPED: 23.23.11.70:55489 QUERY        database=wdi_test collection=wdi_facts selector={"country_code"=>"SGP"} flags=[] limit=0 skip=0 batch_size=nil fields=nil runtime: 7407.0789ms
  MOPED: 23.23.11.70:55489 GET_MORE     database=wdi_test collection=wdi_facts limit=0 cursor_id=3346741736488642848 runtime: 104680.2514ms
Completed 200 OK in 113641ms (Views: 113626.1ms)


Started GET "/wdi_facts/BRA" for 127.0.0.1 at 2015-04-02 21:46:19 +0900
Processing by WdiFactsController#show as HTML
  Parameters: {"country_code"=>"BRA"}
  MOPED: 23.23.11.70:55489 COMMAND      database=admin command={:ismaster=>1} runtime: 246.0869ms
  MOPED: 23.23.11.70:55489 QUERY        database=wdi_test collection=wdi_facts selector={"country_code"=>"BRA"} flags=[] limit=0 skip=0 batch_size=nil fields=nil runtime: 9079.7841ms
  MOPED: 23.23.11.70:55489 GET_MORE     database=wdi_test collection=wdi_facts limit=0 cursor_id=3335062126458681681 runtime: 127542.4942ms
Completed 200 OK in 137737ms (Views: 137736.3ms)


Started GET "/wdi_facts/CHL" for 127.0.0.1 at 2015-04-05 06:35:04 +0900
Processing by WdiFactsController#show as HTML
  Parameters: {"country_code"=>"CHL"}
  MOPED: 23.23.11.70:55489 COMMAND      database=admin command={:ismaster=>1} runtime: 10023.3937ms
  MOPED: Retrying connection attempt 1 more time(s). runtime: n/a
  MOPED: 23.23.11.70:55489 COMMAND      database=admin command={:ismaster=>1} runtime: 10022.9964ms
Completed 500 Internal Server Error in 20954ms

Moped::Errors::ConnectionFailure (Could not connect to a primary node for replica set #<Moped::Cluster:-587701848 @seeds=[<Moped::Node resolved_address="23.23.11.70:55489">]>):
  app/controllers/wdi_facts_controller.rb:4:in `show'


  Rendered /home/broom/.rbenv/versions/2.2.1/lib/ruby/gems/2.2.0/gems/actionpack-4.2.0/lib/action_dispatch/middleware/templates/rescues/_source.erb (148.4ms)
  Rendered /home/broom/.rbenv/versions/2.2.1/lib/ruby/gems/2.2.0/gems/actionpack-4.2.0/lib/action_dispatch/middleware/templates/rescues/_trace.html.erb (55.2ms)
  Rendered /home/broom/.rbenv/versions/2.2.1/lib/ruby/gems/2.2.0/gems/actionpack-4.2.0/lib/action_dispatch/middleware/templates/rescues/_request_and_response.html.erb (14.7ms)
  Rendered /home/broom/.rbenv/versions/2.2.1/lib/ruby/gems/2.2.0/gems/actionpack-4.2.0/lib/action_dispatch/middleware/templates/rescues/diagnostics.html.erb within rescues/layout (420.8ms)


Started GET "/wdi_facts/CHL" for 127.0.0.1 at 2015-04-05 06:40:26 +0900
Processing by WdiFactsController#show as HTML
  Parameters: {"country_code"=>"CHL"}
  MOPED: 23.23.11.70:55489 COMMAND      database=admin command={:ismaster=>1} runtime: 10022.6886ms
  MOPED: Retrying connection attempt 1 more time(s). runtime: n/a
  MOPED: 23.23.11.70:55489 COMMAND      database=admin command={:ismaster=>1} runtime: 10021.1531ms
Completed 500 Internal Server Error in 23084ms

Moped::Errors::ConnectionFailure (Could not connect to a primary node for replica set #<Moped::Cluster:-587049398 @seeds=[<Moped::Node resolved_address="23.23.11.70:55489">]>):
  app/controllers/wdi_facts_controller.rb:4:in `show'


  Rendered /home/broom/.rbenv/versions/2.2.1/lib/ruby/gems/2.2.0/gems/actionpack-4.2.0/lib/action_dispatch/middleware/templates/rescues/_source.erb (143.8ms)
  Rendered /home/broom/.rbenv/versions/2.2.1/lib/ruby/gems/2.2.0/gems/actionpack-4.2.0/lib/action_dispatch/middleware/templates/rescues/_trace.html.erb (49.0ms)
  Rendered /home/broom/.rbenv/versions/2.2.1/lib/ruby/gems/2.2.0/gems/actionpack-4.2.0/lib/action_dispatch/middleware/templates/rescues/_request_and_response.html.erb (12.0ms)
  Rendered /home/broom/.rbenv/versions/2.2.1/lib/ruby/gems/2.2.0/gems/actionpack-4.2.0/lib/action_dispatch/middleware/templates/rescues/diagnostics.html.erb within rescues/layout (425.8ms)


Started GET "/wdi_facts/CHL" for 127.0.0.1 at 2015-04-05 15:26:45 +0900
Processing by WdiFactsController#show as HTML
  Parameters: {"country_code"=>"CHL"}
  MOPED: 23.23.11.70:55489 COMMAND      database=admin command={:ismaster=>1} runtime: 955.2470ms
  MOPED: 23.23.11.70:55489 QUERY        database=wdi_test collection=wdi_facts selector={"country_code"=>"CHL"} flags=[] limit=0 skip=0 batch_size=nil fields=nil runtime: 3867.3096ms
  MOPED: 23.23.11.70:55489 GET_MORE     database=wdi_test collection=wdi_facts limit=0 cursor_id=2328192880552012130 runtime: 104761.1846ms
Completed 200 OK in 110999ms (Views: 110998.0ms)
